<?xml version="1.0" encoding="UTF-8"?>
<!-- Generated by org.testng.reporters.JUnitReportReporter -->
<testsuite hostname="WINCTRL-8EK31GR" name="com.ual.auto.SeleniumSample.AppTest" tests="4" failures="0" timestamp="18 Jun 2017 19:50:12 GMT" time="0.007" errors="0">
  <testcase name="m4" time="0.000" classname="com.ual.auto.SeleniumSample.AppTest"/>
  <testcase name="m3" time="0.000" classname="com.ual.auto.SeleniumSample.AppTest"/>
  <testcase name="m1" time="0.007" classname="com.ual.auto.SeleniumSample.AppTest"/>
  <testcase name="m2" time="0.000" classname="com.ual.auto.SeleniumSample.AppTest"/>
</testsuite> <!-- com.ual.auto.SeleniumSample.AppTest -->
